Removed Pin From Net: NetName=5V Pin=J7-1
Removed Pin From Net: NetName=TP_IRQ Pin=J7-2
Removed Pin From Net: NetName=TP_CS Pin=J7-3
Removed Pin From Net: NetName=LCD_DC Pin=J7-5
Removed Pin From Net: NetName=LCD_BL Pin=J7-6
Removed Pin From Net: NetName=LCD_CS Pin=J7-7
Removed Pin From Net: NetName=MOSI Pin=J7-8
Removed Pin From Net: NetName=NISO Pin=J7-9
Removed Pin From Net: NetName=SCLK Pin=J7-10
Removed Pin From Net: NetName=GND Pin=J7-11
Removed Pin From Net: NetName=GND Pin=J7-12
Removed Pin From Net: NetName=5V Pin=P2-1
Removed Pin From Net: NetName=WS2812B Pin=P2-2
Removed Pin From Net: NetName=GND Pin=P2-3
Removed Member From Class: ClassName=Power Member=J7
Removed Member From Class: ClassName=Power Member=P2
Change Component Designator: OldDesignator=C18 NewDesignator=C1
Change Component Designator: OldDesignator=C19 NewDesignator=C2
Change Component Designator: OldDesignator=C20 NewDesignator=C3
Change Component Designator: OldDesignator=C21 NewDesignator=C4
Change Component Designator: OldDesignator=C22 NewDesignator=C5
Change Component Designator: OldDesignator=C23 NewDesignator=C6
Change Component Designator: OldDesignator=C24 NewDesignator=C7
Change Component Designator: OldDesignator=C25 NewDesignator=C8
Change Component Designator: OldDesignator=C26 NewDesignator=C9
Change Component Designator: OldDesignator=C27 NewDesignator=C10
Change Component Designator: OldDesignator=C28 NewDesignator=C11
Change Component Designator: OldDesignator=C29 NewDesignator=C12
Change Component Designator: OldDesignator=C30 NewDesignator=C13
Change Component Designator: OldDesignator=C31 NewDesignator=C14
Change Component Designator: OldDesignator=C32 NewDesignator=C15
Change Component Designator: OldDesignator=C33 NewDesignator=C16
Change Component Designator: OldDesignator=C34 NewDesignator=C17
Change Component Designator: OldDesignator=D2 NewDesignator=D1
Change Component Designator: OldDesignator=IC2 NewDesignator=IC1
Change Component Designator: OldDesignator=J6 NewDesignator=J1
Change Component Designator: OldDesignator=J8 NewDesignator=J3
Change Component Designator: OldDesignator=J9 NewDesignator=J4
Change Component Designator: OldDesignator=J10 NewDesignator=J5
Change Component Designator: OldDesignator=K2 NewDesignator=K1
Change Component Designator: OldDesignator=L2 NewDesignator=L1
Change Component Designator: OldDesignator=MOD2 NewDesignator=MOD1
Change Component Designator: OldDesignator=Q2 NewDesignator=Q1
Change Component Designator: OldDesignator=R6 NewDesignator=R1
Change Component Designator: OldDesignator=R7 NewDesignator=R2
Change Component Designator: OldDesignator=R8 NewDesignator=R3
Change Component Designator: OldDesignator=R9 NewDesignator=R4
Change Component Designator: OldDesignator=R10 NewDesignator=R5
Change Component Designator: OldDesignator=U6 NewDesignator=U1
Change Component Designator: OldDesignator=U7 NewDesignator=U2
Change Component Designator: OldDesignator=U8 NewDesignator=U3
Change Component Designator: OldDesignator=U9 NewDesignator=U4
Change Component Designator: OldDesignator=U10 NewDesignator=U5
Change Component Designator: OldDesignator=X2 NewDesignator=X1
Added Component: Designator=J?(J_HEADER_1x12_2.54_VERTICAL)
Add component (AddParameter): Name = "HelpURL"; Value = "https://www.tme.eu/Document/efd0203e2d3a140765df98191085ea88/DS1023.pdf"; VariantName = "[No Variations]"
Add component (AddParameter): Name = "Manufacturer"; Value = "Connfly"; VariantName = "[No Variations]"
Add component (AddParameter): Name = "Manufacturer Part Number"; Value = "DS1023-1*10S21"; VariantName = "[No Variations]"
Add component (AddParameter): Name = "Part Number"; Value = "J_HEADER_1x12_2.54_VERTICAL"; VariantName = "[No Variations]"
Add component (AddParameter): Name = "SCH_Footprint"; Value = "1x12 2.54mm Vertical"; VariantName = "[No Variations]"
Add component (AddParameter): Name = "Supplier 1"; Value = "TME"; VariantName = "[No Variations]"
Add component (AddParameter): Name = "Supplier 2"; Value = "RS Components"; VariantName = "[No Variations]"
Add component (AddParameter): Name = "Supplier 3"; Value = "Farnell"; VariantName = "[No Variations]"
Add component (AddParameter): Name = "Supplier 4"; Value = "Mouser"; VariantName = "[No Variations]"
Add component (AddParameter): Name = "Supplier 5"; Value = "Digi-Key"; VariantName = "[No Variations]"
Add component (AddParameter): Name = "Supplier 6"; Value = "LCSC"; VariantName = "[No Variations]"
Add component (AddParameter): Name = "Supplier 7"; Value = ""; VariantName = "[No Variations]"
Add component (AddParameter): Name = "Supplier Part Number 1"; Value = "ZL262-10SG"; VariantName = "[No Variations]"
Add component (AddParameter): Name = "Supplier Part Number 2"; Value = ""; VariantName = "[No Variations]"
Add component (AddParameter): Name = "Supplier Part Number 3"; Value = ""; VariantName = "[No Variations]"
Add component (AddParameter): Name = "Supplier Part Number 4"; Value = ""; VariantName = "[No Variations]"
Add component (AddParameter): Name = "Supplier Part Number 5"; Value = ""; VariantName = "[No Variations]"
Add component (AddParameter): Name = "Supplier Part Number 6"; Value = ""; VariantName = "[No Variations]"
Add component (AddParameter): Name = "Supplier Part Number 7"; Value = ""; VariantName = "[No Variations]"
Add component (AddParameter): Name = "Value"; Value = "DS1023-1*10S21"; VariantName = "[No Variations]"
Added Component: Designator=P?(P_HEADER_1x3_2.54)
Add component (AddParameter): Name = "HelpURL"; Value = "http://www.tme.eu/en/Document/cc301e58a5da78cb543a94b5a5b7f06a/DS1021.pdf"; VariantName = "[No Variations]"
Add component (AddParameter): Name = "Manufacturer"; Value = "Connfly"; VariantName = "[No Variations]"
Add component (AddParameter): Name = "Manufacturer Part Number"; Value = "DS1021-1*3SF1-1"; VariantName = "[No Variations]"
Add component (AddParameter): Name = "Part Number"; Value = "P_HEADER_1x3_2.54"; VariantName = "[No Variations]"
Add component (AddParameter): Name = "SCH_Footprint"; Value = "1x3 2.54mm"; VariantName = "[No Variations]"
Add component (AddParameter): Name = "Supplier 1"; Value = "TME"; VariantName = "[No Variations]"
Add component (AddParameter): Name = "Supplier 2"; Value = "RS Components"; VariantName = "[No Variations]"
Add component (AddParameter): Name = "Supplier 3"; Value = "Farnell"; VariantName = "[No Variations]"
Add component (AddParameter): Name = "Supplier 4"; Value = "Mouser"; VariantName = "[No Variations]"
Add component (AddParameter): Name = "Supplier 5"; Value = "Digi-Key"; VariantName = "[No Variations]"
Add component (AddParameter): Name = "Supplier 6"; Value = "LCSC"; VariantName = "[No Variations]"
Add component (AddParameter): Name = "Supplier 7"; Value = ""; VariantName = "[No Variations]"
Add component (AddParameter): Name = "Supplier Part Number 1"; Value = "ZL201-03G"; VariantName = "[No Variations]"
Add component (AddParameter): Name = "Supplier Part Number 2"; Value = ""; VariantName = "[No Variations]"
Add component (AddParameter): Name = "Supplier Part Number 3"; Value = ""; VariantName = "[No Variations]"
Add component (AddParameter): Name = "Supplier Part Number 4"; Value = ""; VariantName = "[No Variations]"
Add component (AddParameter): Name = "Supplier Part Number 5"; Value = ""; VariantName = "[No Variations]"
Add component (AddParameter): Name = "Supplier Part Number 6"; Value = ""; VariantName = "[No Variations]"
Add component (AddParameter): Name = "Supplier Part Number 7"; Value = ""; VariantName = "[No Variations]"
Add component (AddParameter): Name = "Value"; Value = "DS1021-1*3SF1-1"; VariantName = "[No Variations]"
Added Pin To Net: NetName=5V Pin=J?-1
Added Pin To Net: NetName=TP_IRQ Pin=J?-2
Added Pin To Net: NetName=TP_CS Pin=J?-3
Added Pin To Net: NetName=LCD_DC Pin=J?-5
Added Pin To Net: NetName=LCD_BL Pin=J?-6
Added Pin To Net: NetName=LCD_CS Pin=J?-7
Added Pin To Net: NetName=MOSI Pin=J?-8
Added Pin To Net: NetName=NISO Pin=J?-9
Added Pin To Net: NetName=SCLK Pin=J?-10
Added Pin To Net: NetName=GND Pin=J?-11
Added Pin To Net: NetName=GND Pin=J?-12
Added Pin To Net: NetName=5V Pin=P?-1
Added Pin To Net: NetName=WS2812B Pin=P?-2
Added Pin To Net: NetName=GND Pin=P?-3
Change Net Name : Old Net Name=NetC20_1 New Net Name=NetC3_1
Change Net Name : Old Net Name=NetC31_1 New Net Name=NetC14_1
Change Net Name : Old Net Name=NetD2_2 New Net Name=NetD1_2
Change Net Name : Old Net Name=NetIC2_60 New Net Name=NetIC1_60
Change Net Name : Old Net Name=NetJ8_1 New Net Name=NetJ3_1
Change Net Name : Old Net Name=NetJ9_1 New Net Name=NetJ4_1
Change Net Name : Old Net Name=NetJ10_1 New Net Name=NetJ5_1
Change Net Name : Old Net Name=NetL2_1 New Net Name=NetL1_1
Change Net Name : Old Net Name=NetQ2_3 New Net Name=NetQ1_3
Change Net Name : Old Net Name=NetR7_1 New Net Name=NetR2_1
Change Net Name : Old Net Name=NetR8_2 New Net Name=NetR3_2
Change Net Name : Old Net Name=NetR9_2 New Net Name=NetR4_2
Change Class Name : Old Net Name=external_devices New Net Name=Peripherals
Added Member To Class: ClassName=Peripherals Member=Component J? Goldpin female straight
Added Member To Class: ClassName=Peripherals Member=Component P? Goldpin
Added Room: Name=Main
