Added Component: Designator=J?(J_8PCV-02-006)
Add component (AddParameter): Name = "HelpURL"; Value = "http://www.mouser.com/ds/2/418/NG_CD_6-1437657-3_K4-669783.pdf"; VariantName = "[No Variations]"
Add component (AddParameter): Name = "Manufacturer"; Value = "TE Connectivity"; VariantName = "[No Variations]"
Add component (AddParameter): Name = "Manufacturer Part Number"; Value = "8PCV-02-006"; VariantName = "[No Variations]"
Add component (AddParameter): Name = "Part Number"; Value = "J_8PCV-02-006"; VariantName = "[No Variations]"
Add component (AddParameter): Name = "SCH_Footprint"; Value = "8PCV-02-006"; VariantName = "[No Variations]"
Add component (AddParameter): Name = "Supplier 1"; Value = "TME"; VariantName = "[No Variations]"
Add component (AddParameter): Name = "Supplier 2"; Value = "RS Components"; VariantName = "[No Variations]"
Add component (AddParameter): Name = "Supplier 3"; Value = "Farnell"; VariantName = "[No Variations]"
Add component (AddParameter): Name = "Supplier 4"; Value = "Mouser"; VariantName = "[No Variations]"
Add component (AddParameter): Name = "Supplier 5"; Value = "Digi-Key"; VariantName = "[No Variations]"
Add component (AddParameter): Name = "Supplier 6"; Value = "LCSC"; VariantName = "[No Variations]"
Add component (AddParameter): Name = "Supplier 7"; Value = ""; VariantName = "[No Variations]"
Add component (AddParameter): Name = "Supplier Part Number 1"; Value = ""; VariantName = "[No Variations]"
Add component (AddParameter): Name = "Supplier Part Number 2"; Value = "7176637"; VariantName = "[No Variations]"
Add component (AddParameter): Name = "Supplier Part Number 3"; Value = ""; VariantName = "[No Variations]"
Add component (AddParameter): Name = "Supplier Part Number 4"; Value = "571-514376577"; VariantName = "[No Variations]"
Add component (AddParameter): Name = "Supplier Part Number 5"; Value = "A98460-ND"; VariantName = "[No Variations]"
Add component (AddParameter): Name = "Supplier Part Number 6"; Value = ""; VariantName = "[No Variations]"
Add component (AddParameter): Name = "Supplier Part Number 7"; Value = ""; VariantName = "[No Variations]"
Add component (AddParameter): Name = "Value"; Value = "8PCV-02-006"; VariantName = "[No Variations]"
Added Component: Designator=J?(J_ARK2)
Add component (AddParameter): Name = "HelpURL"; Value = "https://datasheet.octopart.com/DG301-5.0-03P-12-18A%28H%29-Degson-datasheet-17801202.pdf"; VariantName = "[No Variations]"
Add component (AddParameter): Name = "Manufacturer"; Value = "DEGSON ELECTRONICS"; VariantName = "[No Variations]"
Add component (AddParameter): Name = "Manufacturer Part Number"; Value = "DG301-5.0-02P-12-18A(H)"; VariantName = "[No Variations]"
Add component (AddParameter): Name = "Part Number"; Value = "J_TB-5.0-P-2P"; VariantName = "[No Variations]"
Add component (AddParameter): Name = "SCH_Footprint"; Value = "ARK2"; VariantName = "[No Variations]"
Add component (AddParameter): Name = "Supplier 1"; Value = "TME"; VariantName = "[No Variations]"
Add component (AddParameter): Name = "Supplier 2"; Value = "RS Components"; VariantName = "[No Variations]"
Add component (AddParameter): Name = "Supplier 3"; Value = "Farnell"; VariantName = "[No Variations]"
Add component (AddParameter): Name = "Supplier 4"; Value = "Mouser"; VariantName = "[No Variations]"
Add component (AddParameter): Name = "Supplier 5"; Value = "Digi-Key"; VariantName = "[No Variations]"
Add component (AddParameter): Name = "Supplier 6"; Value = "LCSC"; VariantName = "[No Variations]"
Add component (AddParameter): Name = "Supplier 7"; Value = ""; VariantName = "[No Variations]"
Add component (AddParameter): Name = "Supplier Part Number 1"; Value = "DG301-5.0-2/6B"; VariantName = "[No Variations]"
Add component (AddParameter): Name = "Supplier Part Number 2"; Value = ""; VariantName = "[No Variations]"
Add component (AddParameter): Name = "Supplier Part Number 3"; Value = ""; VariantName = "[No Variations]"
Add component (AddParameter): Name = "Supplier Part Number 4"; Value = ""; VariantName = "[No Variations]"
Add component (AddParameter): Name = "Supplier Part Number 5"; Value = ""; VariantName = "[No Variations]"
Add component (AddParameter): Name = "Supplier Part Number 6"; Value = ""; VariantName = "[No Variations]"
Add component (AddParameter): Name = "Supplier Part Number 7"; Value = ""; VariantName = "[No Variations]"
Add component (AddParameter): Name = "Value"; Value = "DG301-5.0-02P-12-18A(H)"; VariantName = "[No Variations]"
Added Component: Designator=J?(J_8PCV-02-006)
Add component (AddParameter): Name = "HelpURL"; Value = "http://www.mouser.com/ds/2/418/NG_CD_6-1437657-3_K4-669783.pdf"; VariantName = "[No Variations]"
Add component (AddParameter): Name = "Manufacturer"; Value = "TE Connectivity"; VariantName = "[No Variations]"
Add component (AddParameter): Name = "Manufacturer Part Number"; Value = "8PCV-02-006"; VariantName = "[No Variations]"
Add component (AddParameter): Name = "Part Number"; Value = "J_8PCV-02-006"; VariantName = "[No Variations]"
Add component (AddParameter): Name = "SCH_Footprint"; Value = "8PCV-02-006"; VariantName = "[No Variations]"
Add component (AddParameter): Name = "Supplier 1"; Value = "TME"; VariantName = "[No Variations]"
Add component (AddParameter): Name = "Supplier 2"; Value = "RS Components"; VariantName = "[No Variations]"
Add component (AddParameter): Name = "Supplier 3"; Value = "Farnell"; VariantName = "[No Variations]"
Add component (AddParameter): Name = "Supplier 4"; Value = "Mouser"; VariantName = "[No Variations]"
Add component (AddParameter): Name = "Supplier 5"; Value = "Digi-Key"; VariantName = "[No Variations]"
Add component (AddParameter): Name = "Supplier 6"; Value = "LCSC"; VariantName = "[No Variations]"
Add component (AddParameter): Name = "Supplier 7"; Value = ""; VariantName = "[No Variations]"
Add component (AddParameter): Name = "Supplier Part Number 1"; Value = ""; VariantName = "[No Variations]"
Add component (AddParameter): Name = "Supplier Part Number 2"; Value = "7176637"; VariantName = "[No Variations]"
Add component (AddParameter): Name = "Supplier Part Number 3"; Value = ""; VariantName = "[No Variations]"
Add component (AddParameter): Name = "Supplier Part Number 4"; Value = "571-514376577"; VariantName = "[No Variations]"
Add component (AddParameter): Name = "Supplier Part Number 5"; Value = "A98460-ND"; VariantName = "[No Variations]"
Add component (AddParameter): Name = "Supplier Part Number 6"; Value = ""; VariantName = "[No Variations]"
Add component (AddParameter): Name = "Supplier Part Number 7"; Value = ""; VariantName = "[No Variations]"
Add component (AddParameter): Name = "Value"; Value = "8PCV-02-006"; VariantName = "[No Variations]"
Added Component: Designator=J?(J_8PCV-02-006)
Add component (AddParameter): Name = "HelpURL"; Value = "http://www.mouser.com/ds/2/418/NG_CD_6-1437657-3_K4-669783.pdf"; VariantName = "[No Variations]"
Add component (AddParameter): Name = "Manufacturer"; Value = "TE Connectivity"; VariantName = "[No Variations]"
Add component (AddParameter): Name = "Manufacturer Part Number"; Value = "8PCV-02-006"; VariantName = "[No Variations]"
Add component (AddParameter): Name = "Part Number"; Value = "J_8PCV-02-006"; VariantName = "[No Variations]"
Add component (AddParameter): Name = "SCH_Footprint"; Value = "8PCV-02-006"; VariantName = "[No Variations]"
Add component (AddParameter): Name = "Supplier 1"; Value = "TME"; VariantName = "[No Variations]"
Add component (AddParameter): Name = "Supplier 2"; Value = "RS Components"; VariantName = "[No Variations]"
Add component (AddParameter): Name = "Supplier 3"; Value = "Farnell"; VariantName = "[No Variations]"
Add component (AddParameter): Name = "Supplier 4"; Value = "Mouser"; VariantName = "[No Variations]"
Add component (AddParameter): Name = "Supplier 5"; Value = "Digi-Key"; VariantName = "[No Variations]"
Add component (AddParameter): Name = "Supplier 6"; Value = "LCSC"; VariantName = "[No Variations]"
Add component (AddParameter): Name = "Supplier 7"; Value = ""; VariantName = "[No Variations]"
Add component (AddParameter): Name = "Supplier Part Number 1"; Value = ""; VariantName = "[No Variations]"
Add component (AddParameter): Name = "Supplier Part Number 2"; Value = "7176637"; VariantName = "[No Variations]"
Add component (AddParameter): Name = "Supplier Part Number 3"; Value = ""; VariantName = "[No Variations]"
Add component (AddParameter): Name = "Supplier Part Number 4"; Value = "571-514376577"; VariantName = "[No Variations]"
Add component (AddParameter): Name = "Supplier Part Number 5"; Value = "A98460-ND"; VariantName = "[No Variations]"
Add component (AddParameter): Name = "Supplier Part Number 6"; Value = ""; VariantName = "[No Variations]"
Add component (AddParameter): Name = "Supplier Part Number 7"; Value = ""; VariantName = "[No Variations]"
Add component (AddParameter): Name = "Value"; Value = "8PCV-02-006"; VariantName = "[No Variations]"
Added Component: Designator=K?(FTR-F3AA005E)
Added Component: Designator=P?(P_HEADER_1x3_2.54)
Add component (AddParameter): Name = "HelpURL"; Value = "http://www.tme.eu/en/Document/cc301e58a5da78cb543a94b5a5b7f06a/DS1021.pdf"; VariantName = "[No Variations]"
Add component (AddParameter): Name = "Manufacturer"; Value = "Connfly"; VariantName = "[No Variations]"
Add component (AddParameter): Name = "Manufacturer Part Number"; Value = "DS1021-1*3SF1-1"; VariantName = "[No Variations]"
Add component (AddParameter): Name = "Part Number"; Value = "P_HEADER_1x3_2.54"; VariantName = "[No Variations]"
Add component (AddParameter): Name = "SCH_Footprint"; Value = "1x3 2.54mm"; VariantName = "[No Variations]"
Add component (AddParameter): Name = "Supplier 1"; Value = "TME"; VariantName = "[No Variations]"
Add component (AddParameter): Name = "Supplier 2"; Value = "RS Components"; VariantName = "[No Variations]"
Add component (AddParameter): Name = "Supplier 3"; Value = "Farnell"; VariantName = "[No Variations]"
Add component (AddParameter): Name = "Supplier 4"; Value = "Mouser"; VariantName = "[No Variations]"
Add component (AddParameter): Name = "Supplier 5"; Value = "Digi-Key"; VariantName = "[No Variations]"
Add component (AddParameter): Name = "Supplier 6"; Value = "LCSC"; VariantName = "[No Variations]"
Add component (AddParameter): Name = "Supplier 7"; Value = ""; VariantName = "[No Variations]"
Add component (AddParameter): Name = "Supplier Part Number 1"; Value = "ZL201-03G"; VariantName = "[No Variations]"
Add component (AddParameter): Name = "Supplier Part Number 2"; Value = ""; VariantName = "[No Variations]"
Add component (AddParameter): Name = "Supplier Part Number 3"; Value = ""; VariantName = "[No Variations]"
Add component (AddParameter): Name = "Supplier Part Number 4"; Value = ""; VariantName = "[No Variations]"
Add component (AddParameter): Name = "Supplier Part Number 5"; Value = ""; VariantName = "[No Variations]"
Add component (AddParameter): Name = "Supplier Part Number 6"; Value = ""; VariantName = "[No Variations]"
Add component (AddParameter): Name = "Supplier Part Number 7"; Value = ""; VariantName = "[No Variations]"
Add component (AddParameter): Name = "Value"; Value = "DS1021-1*3SF1-1"; VariantName = "[No Variations]"
Added Component: Designator=U?(IRM-30-12)
Added Component: Designator=X?(FTSH-107-01-XXX-DV-K)
Added Component: Designator=X?(FTSH-107-01-XXX-DV-K)
Added Component: Designator=X?(FTSH-107-01-XXX-DV-K)
Added Component: Designator=X?(FTSH-107-01-XXX-DV-K)
Added Component: Designator=X?(FTSH-107-01-XXX-DV-K)
Added Component: Designator=X?(FTSH-107-01-XXX-DV-K)
Added Component: Designator=X?(FTSH-107-01-XXX-DV-K)
Added Component: Designator=X?(FTSH-107-01-XXX-DV-K)
Added Component: Designator=X?(FTSH-107-01-XXX-DV-K)
Added Component: Designator=X?(FTSH-107-01-XXX-DV-K)
Added Component: Designator=X?(FTSH-107-01-XXX-DV-K)
Added Component: Designator=X?(FTSH-107-01-XXX-DV-K)
Added Component: Designator=X?(FTSH-107-01-XXX-DV-K)
Added Component: Designator=X?(FTSH-107-01-XXX-DV-K)
Added Member To Class: ClassName=Main Member=Component J? 600V 30A connector
Added Member To Class: ClassName=Main Member=Component J? ARK2
Added Member To Class: ClassName=Main Member=Component J? 600V 30A connector
Added Member To Class: ClassName=Main Member=Component J? 600V 30A connector
Added Member To Class: ClassName=Main Member=Component K? FTR-F3AA005E
Added Member To Class: ClassName=Main Member=Component P? Goldpin
Added Member To Class: ClassName=Main Member=Component U? IRM-30-12
Added Member To Class: ClassName=Main Member=Component X? FTSH-107-01-XXX-DV-K
Added Member To Class: ClassName=Main Member=Component X? FTSH-107-01-XXX-DV-K
Added Member To Class: ClassName=Main Member=Component X? FTSH-107-01-XXX-DV-K
Added Member To Class: ClassName=Main Member=Component X? FTSH-107-01-XXX-DV-K
Added Member To Class: ClassName=Main Member=Component X? FTSH-107-01-XXX-DV-K
Added Member To Class: ClassName=Main Member=Component X? FTSH-107-01-XXX-DV-K
Added Member To Class: ClassName=Main Member=Component X? FTSH-107-01-XXX-DV-K
Added Member To Class: ClassName=Main Member=Component X? FTSH-107-01-XXX-DV-K
Added Member To Class: ClassName=Main Member=Component X? FTSH-107-01-XXX-DV-K
Added Member To Class: ClassName=Main Member=Component X? FTSH-107-01-XXX-DV-K
Added Member To Class: ClassName=Main Member=Component X? FTSH-107-01-XXX-DV-K
Added Member To Class: ClassName=Main Member=Component X? FTSH-107-01-XXX-DV-K
Added Member To Class: ClassName=Main Member=Component X? FTSH-107-01-XXX-DV-K
Added Member To Class: ClassName=Main Member=Component X? FTSH-107-01-XXX-DV-K
