Removed Pin From Net: NetName=3.3V Pin=IC?-1
Removed Pin From Net: NetName=GND Pin=IC?-12
Removed Pin From Net: NetName=3.3V Pin=IC?-13
Removed Pin From Net: NetName=GND Pin=IC?-18
Removed Pin From Net: NetName=3.3V Pin=IC?-19
Removed Pin From Net: NetName=GND Pin=IC?-31
Removed Pin From Net: NetName=3.3V Pin=IC?-32
Removed Pin From Net: NetName=GND Pin=IC?-47
Removed Pin From Net: NetName=3.3V Pin=IC?-48
Removed Pin From Net: NetName=GND Pin=IC?-63
Removed Pin From Net: NetName=3.3V Pin=IC?-64
Removed Member From Class: ClassName=Main Member=IC?
Change Component Designator: OldDesignator=C? NewDesignator=C1
Change Component Designator: OldDesignator=C? NewDesignator=C2
Change Component Designator: OldDesignator=C? NewDesignator=C3
Change Component Designator: OldDesignator=C? NewDesignator=C4
Change Component Designator: OldDesignator=C? NewDesignator=C5
Change Component Designator: OldDesignator=C? NewDesignator=C6
Change Component Designator: OldDesignator=C? NewDesignator=C7
Change Component Designator: OldDesignator=C? NewDesignator=C8
Change Component Designator: OldDesignator=C? NewDesignator=C9
Change Component Designator: OldDesignator=IC? NewDesignator=IC1
Change Component Designator: OldDesignator=MOD? NewDesignator=MOD1
Added Pin To Net: NetName=3.3V Pin=IC1-1
Added Pin To Net: NetName=GND Pin=IC1-12
Added Pin To Net: NetName=3.3V Pin=IC1-13
Added Pin To Net: NetName=GND Pin=IC1-18
Added Pin To Net: NetName=3.3V Pin=IC1-19
Added Pin To Net: NetName=GND Pin=IC1-31
Added Pin To Net: NetName=3.3V Pin=IC1-32
Added Pin To Net: NetName=GND Pin=IC1-47
Added Pin To Net: NetName=3.3V Pin=IC1-48
Added Pin To Net: NetName=GND Pin=IC1-63
Added Pin To Net: NetName=3.3V Pin=IC1-64
Added Pin To Net: NetName=NetC2_1 Pin=C2-1
Added Pin To Net: NetName=NetC2_1 Pin=IC1-30
Added Net: Name=NetC2_1
Added Member To Class: ClassName=Main Member=Component C1 Ceramic X7S
Added Member To Class: ClassName=Main Member=Component C2 Ceramic X7S
Added Member To Class: ClassName=Main Member=Component C4 Ceramic X7R
Added Member To Class: ClassName=Main Member=Component C5 Ceramic X7R
Added Member To Class: ClassName=Main Member=Component C6 Ceramic X7R
Added Member To Class: ClassName=Main Member=Component C7 Ceramic X7R
Added Member To Class: ClassName=Main Member=Component C8 Ceramic X7R
Added Member To Class: ClassName=Main Member=Component C9 Ceramic X7R
Added Member To Class: ClassName=Main Member=Component IC1 STM32F401RBT6
