Change Component Designator: OldDesignator=C9 NewDesignator=C10
Change Component Designator: OldDesignator=C? NewDesignator=C9
Change Component Designator: OldDesignator=C? NewDesignator=C11
Change Component Designator: OldDesignator=C? NewDesignator=C12
Change Component Designator: OldDesignator=C? NewDesignator=C13
Change Component Designator: OldDesignator=C? NewDesignator=C14
Change Component Designator: OldDesignator=C? NewDesignator=C15
Change Component Designator: OldDesignator=C? NewDesignator=C16
Change Component Designator: OldDesignator=C? NewDesignator=C17
Change Component Designator: OldDesignator=D? NewDesignator=D1
Change Component Designator: OldDesignator=J? NewDesignator=J1
Change Component Designator: OldDesignator=K? NewDesignator=K1
Change Component Designator: OldDesignator=L? NewDesignator=L1
Change Component Designator: OldDesignator=Q? NewDesignator=Q1
Change Component Designator: OldDesignator=R? NewDesignator=R1
Change Component Designator: OldDesignator=R? NewDesignator=R2
Change Component Designator: OldDesignator=R? NewDesignator=R3
Change Component Designator: OldDesignator=R? NewDesignator=R4
Change Component Designator: OldDesignator=R? NewDesignator=R5
Change Component Designator: OldDesignator=U1 NewDesignator=U3
Change Component Designator: OldDesignator=U? NewDesignator=U1
Change Component Designator: OldDesignator=U? NewDesignator=U2
Change Component Designator: OldDesignator=U? NewDesignator=U4
Change Component Designator: OldDesignator=U? NewDesignator=U5
Change Net Name : Old Net Name=NetC?_1 New Net Name=NetC13_1
Change Net Name : Old Net Name=NetD?_2 New Net Name=NetD1_2
Change Net Name : Old Net Name=NetL?_1 New Net Name=NetL1_1
Change Net Name : Old Net Name=NetQ?_3 New Net Name=NetQ1_3
Change Net Name : Old Net Name=NetR?_1 New Net Name=NetR2_1
Change Net Name : Old Net Name=NetR?_2 New Net Name=NetR5_2
Added Pin To Net: NetName=NetR4_2 Pin=R4-2
Added Pin To Net: NetName=NetR4_2 Pin=U4-2
Added Net: Name=NetR4_2
Added Member To Class: ClassName=Main Member=Component C10 Ceramic X7R
Added Member To Class: ClassName=Main Member=Component C11 Ceramic X5R
Added Member To Class: ClassName=Main Member=Component C12 Ceramic X7R
Added Member To Class: ClassName=Main Member=Component C14 Ceramic X5R
Added Member To Class: ClassName=Main Member=Component C15 Ceramic X5R
Added Member To Class: ClassName=Main Member=Component C16 Ceramic X5R
Added Member To Class: ClassName=Main Member=Component C17 Electrolytic Capacitor
Added Member To Class: ClassName=Main Member=Component J1 Goldpin female straight
Added Member To Class: ClassName=Main Member=Component J? 600V 30A connector
Added Member To Class: ClassName=Main Member=Component J? 600V 30A connector
Added Member To Class: ClassName=Main Member=Component J? 600V 30A connector
Added Member To Class: ClassName=Main Member=Component R2 Resistor
Added Member To Class: ClassName=Main Member=Component R3 Resistor
Added Member To Class: ClassName=Main Member=Component R4 Resistor
Added Member To Class: ClassName=Main Member=Component R5 Resistor
Added Member To Class: ClassName=Main Member=Component U2 LDL1117S33R
Added Member To Class: ClassName=Main Member=Component U3 IRM-30-12
Added Member To Class: ClassName=Main Member=Component U5 CPC1907B
